\BOOKMARK [0][-]{chapter.1}{\376\377\0001\000\040\000C\000l\000a\000s\000s\000\040\000I\000n\000d\000e\000x}{}% 1
\BOOKMARK [1][-]{section.1.1}{\376\377\0001\000.\0001\000\040\000C\000l\000a\000s\000s\000\040\000L\000i\000s\000t}{chapter.1}% 2
\BOOKMARK [0][-]{chapter.2}{\376\377\0002\000\040\000F\000i\000l\000e\000\040\000I\000n\000d\000e\000x}{}% 3
\BOOKMARK [1][-]{section.2.1}{\376\377\0002\000.\0001\000\040\000F\000i\000l\000e\000\040\000L\000i\000s\000t}{chapter.2}% 4
\BOOKMARK [0][-]{chapter.3}{\376\377\0003\000\040\000C\000l\000a\000s\000s\000\040\000D\000o\000c\000u\000m\000e\000n\000t\000a\000t\000i\000o\000n}{}% 5
\BOOKMARK [1][-]{section.3.1}{\376\377\0003\000.\0001\000\040\000b\000m\000c\000d\000a\000t\000a\000\040\000S\000t\000r\000u\000c\000t\000\040\000R\000e\000f\000e\000r\000e\000n\000c\000e}{chapter.3}% 6
\BOOKMARK [1][-]{section.3.2}{\376\377\0003\000.\0002\000\040\000d\000i\000d\000a\000t\000a\000\040\000S\000t\000r\000u\000c\000t\000\040\000R\000e\000f\000e\000r\000e\000n\000c\000e}{chapter.3}% 7
\BOOKMARK [1][-]{section.3.3}{\376\377\0003\000.\0003\000\040\000d\000i\000o\000\137\000b\000u\000f\000\137\000t\000y\000p\000e\000\040\000U\000n\000i\000o\000n\000\040\000R\000e\000f\000e\000r\000e\000n\000c\000e}{chapter.3}% 8
\BOOKMARK [1][-]{section.3.4}{\376\377\0003\000.\0004\000\040\000e\000n\000e\000r\000g\000y\000\137\000t\000y\000p\000e\000\040\000S\000t\000r\000u\000c\000t\000\040\000R\000e\000f\000e\000r\000e\000n\000c\000e}{chapter.3}% 9
\BOOKMARK [1][-]{section.3.5}{\376\377\0003\000.\0005\000\040\000h\000a\000\137\000f\000l\000a\000g\000\137\000t\000y\000p\000e\000\040\000S\000t\000r\000u\000c\000t\000\040\000R\000e\000f\000e\000r\000e\000n\000c\000e}{chapter.3}% 10
\BOOKMARK [0][-]{chapter.4}{\376\377\0004\000\040\000F\000i\000l\000e\000\040\000D\000o\000c\000u\000m\000e\000n\000t\000a\000t\000i\000o\000n}{}% 11
\BOOKMARK [1][-]{section.4.1}{\376\377\0004\000.\0001\000\040\000b\000m\000c\000.\000h}{chapter.4}% 12
\BOOKMARK [1][-]{section.4.2}{\376\377\0004\000.\0002\000\040\000b\000m\000c\000\137\000m\000q\000t\000t\000.\000c\000\040\000F\000i\000l\000e\000\040\000R\000e\000f\000e\000r\000e\000n\000c\000e}{chapter.4}% 13
\BOOKMARK [2][-]{subsection.4.2.1}{\376\377\0004\000.\0002\000.\0001\000\040\000F\000u\000n\000c\000t\000i\000o\000n\000\040\000D\000o\000c\000u\000m\000e\000n\000t\000a\000t\000i\000o\000n}{section.4.2}% 14
\BOOKMARK [3][-]{subsubsection.4.2.1.1}{\376\377\0004\000.\0002\000.\0001\000.\0001\000\040\000c\000o\000n\000n\000l\000o\000s\000t\000\050\000\051}{subsection.4.2.1}% 15
\BOOKMARK [2][-]{subsection.4.2.2}{\376\377\0004\000.\0002\000.\0002\000\040\000V\000a\000r\000i\000a\000b\000l\000e\000\040\000D\000o\000c\000u\000m\000e\000n\000t\000a\000t\000i\000o\000n}{section.4.2}% 16
\BOOKMARK [3][-]{subsubsection.4.2.2.1}{\376\377\0004\000.\0002\000.\0002\000.\0001\000\040\000h\000a\000\137\000f\000l\000a\000g\000\137\000v\000a\000r\000s\000\137\000s\000s}{subsection.4.2.2}% 17
\BOOKMARK [3][-]{subsubsection.4.2.2.2}{\376\377\0004\000.\0002\000.\0002\000.\0002\000\040\000n\000e\000w\000\137\000t\000i\000m\000e\000r}{subsection.4.2.2}% 18
\BOOKMARK [1][-]{section.4.3}{\376\377\0004\000.\0003\000\040\000b\000m\000c\000\137\000m\000q\000t\000t\000.\000h}{chapter.4}% 19
\BOOKMARK [1][-]{section.4.4}{\376\377\0004\000.\0004\000\040\000d\000a\000q\000.\000h}{chapter.4}% 20
\BOOKMARK [1][-]{section.4.5}{\376\377\0004\000.\0005\000\040\000m\000q\000t\000t\000\137\000r\000e\000c\000.\000h}{chapter.4}% 21
\BOOKMARK [1][-]{section.4.6}{\376\377\0004\000.\0006\000\040\000m\000q\000t\000t\000\137\000v\000a\000r\000s\000.\000h}{chapter.4}% 22
\BOOKMARK [0][-]{section*.11}{\376\377\000I\000n\000d\000e\000x}{}% 23
